[debug] [2025-06-26T05:31:33.829Z] ----------------------------------------------------------------------
[debug] [2025-06-26T05:31:33.830Z] Command:       /Users/jhonmillan/.nvm/versions/node/v23.9.0/bin/node /Users/jhonmillan/.nvm/versions/node/v23.9.0/bin/firebase functions:secrets:set AWS_REGION
[debug] [2025-06-26T05:31:33.830Z] CLI Version:   14.8.0
[debug] [2025-06-26T05:31:33.831Z] Platform:      darwin
[debug] [2025-06-26T05:31:33.831Z] Node Version:  v23.9.0
[debug] [2025-06-26T05:31:33.831Z] Time:          Thu Jun 26 2025 00:31:33 GMT-0500 (Colombia Standard Time)
[debug] [2025-06-26T05:31:33.831Z] ----------------------------------------------------------------------
[debug] 
[debug] [2025-06-26T05:31:33.895Z] > command requires scopes: ["email","openid","https://www.googleapis.com/auth/cloudplatformprojects.readonly","https://www.googleapis.com/auth/firebase","https://www.googleapis.com/auth/cloud-platform"]
[debug] [2025-06-26T05:31:33.895Z] > authorizing via signed-in user (jhonemillan@gmail.com)
[debug] [2025-06-26T05:31:33.896Z] Checked if tokens are valid: true, expires at: 1750917875390
[debug] [2025-06-26T05:31:33.896Z] Checked if tokens are valid: true, expires at: 1750917875390
[debug] [2025-06-26T05:31:33.896Z] >>> [apiv2][query] GET https://serviceusage.googleapis.com/v1/projects/petconnect-a447d/services/secretmanager.googleapis.com [none]
[debug] [2025-06-26T05:31:33.896Z] >>> [apiv2][(partial)header] GET https://serviceusage.googleapis.com/v1/projects/petconnect-a447d/services/secretmanager.googleapis.com x-goog-quota-user=projects/petconnect-a447d
[debug] [2025-06-26T05:31:34.696Z] <<< [apiv2][status] GET https://serviceusage.googleapis.com/v1/projects/petconnect-a447d/services/secretmanager.googleapis.com 200
[debug] [2025-06-26T05:31:34.696Z] <<< [apiv2][body] GET https://serviceusage.googleapis.com/v1/projects/petconnect-a447d/services/secretmanager.googleapis.com [omitted]
[debug] [2025-06-26T05:31:34.697Z] Checked if tokens are valid: true, expires at: 1750917875390
[debug] [2025-06-26T05:31:34.697Z] Checked if tokens are valid: true, expires at: 1750917875390
[debug] [2025-06-26T05:31:34.697Z] >>> [apiv2][query] POST https://serviceusage.googleapis.com/v1/projects/petconnect-a447d/services/secretmanager.googleapis.com:enable [none]
[debug] [2025-06-26T05:31:34.697Z] >>> [apiv2][(partial)header] POST https://serviceusage.googleapis.com/v1/projects/petconnect-a447d/services/secretmanager.googleapis.com:enable x-goog-quota-user=projects/petconnect-a447d
[debug] [2025-06-26T05:31:35.689Z] <<< [apiv2][status] POST https://serviceusage.googleapis.com/v1/projects/petconnect-a447d/services/secretmanager.googleapis.com:enable 200
[debug] [2025-06-26T05:31:35.689Z] <<< [apiv2][body] POST https://serviceusage.googleapis.com/v1/projects/petconnect-a447d/services/secretmanager.googleapis.com:enable [omitted]
[debug] [2025-06-26T05:31:45.708Z] > command requires scopes: ["email","openid","https://www.googleapis.com/auth/cloudplatformprojects.readonly","https://www.googleapis.com/auth/firebase","https://www.googleapis.com/auth/cloud-platform"]
[debug] [2025-06-26T05:31:45.709Z] > authorizing via signed-in user (jhonemillan@gmail.com)
[debug] [2025-06-26T05:31:45.709Z] [iam] checking project petconnect-a447d for permissions ["firebase.projects.get","secretmanager.secrets.create","secretmanager.secrets.get","secretmanager.secrets.update","secretmanager.versions.add"]
[debug] [2025-06-26T05:31:45.709Z] Checked if tokens are valid: true, expires at: 1750917875390
[debug] [2025-06-26T05:31:45.709Z] Checked if tokens are valid: true, expires at: 1750917875390
[debug] [2025-06-26T05:31:45.709Z] >>> [apiv2][query] POST https://cloudresourcemanager.googleapis.com/v1/projects/petconnect-a447d:testIamPermissions [none]
[debug] [2025-06-26T05:31:45.710Z] >>> [apiv2][(partial)header] POST https://cloudresourcemanager.googleapis.com/v1/projects/petconnect-a447d:testIamPermissions x-goog-quota-user=projects/petconnect-a447d
[debug] [2025-06-26T05:31:45.710Z] >>> [apiv2][body] POST https://cloudresourcemanager.googleapis.com/v1/projects/petconnect-a447d:testIamPermissions {"permissions":["firebase.projects.get","secretmanager.secrets.create","secretmanager.secrets.get","secretmanager.secrets.update","secretmanager.versions.add"]}
[debug] [2025-06-26T05:31:46.314Z] <<< [apiv2][status] POST https://cloudresourcemanager.googleapis.com/v1/projects/petconnect-a447d:testIamPermissions 200
[debug] [2025-06-26T05:31:46.314Z] <<< [apiv2][body] POST https://cloudresourcemanager.googleapis.com/v1/projects/petconnect-a447d:testIamPermissions {"permissions":["firebase.projects.get","secretmanager.secrets.create","secretmanager.secrets.get","secretmanager.secrets.update","secretmanager.versions.add"]}
[debug] [2025-06-26T05:31:46.315Z] Checked if tokens are valid: true, expires at: 1750917875390
[debug] [2025-06-26T05:31:46.315Z] Checked if tokens are valid: true, expires at: 1750917875390
[debug] [2025-06-26T05:31:46.316Z] >>> [apiv2][query] GET https://serviceusage.googleapis.com/v1/projects/petconnect-a447d/services/cloudresourcemanager.googleapis.com [none]
[debug] [2025-06-26T05:31:46.316Z] >>> [apiv2][(partial)header] GET https://serviceusage.googleapis.com/v1/projects/petconnect-a447d/services/cloudresourcemanager.googleapis.com x-goog-quota-user=projects/petconnect-a447d
[debug] [2025-06-26T05:31:46.980Z] <<< [apiv2][status] GET https://serviceusage.googleapis.com/v1/projects/petconnect-a447d/services/cloudresourcemanager.googleapis.com 200
[debug] [2025-06-26T05:31:46.981Z] <<< [apiv2][body] GET https://serviceusage.googleapis.com/v1/projects/petconnect-a447d/services/cloudresourcemanager.googleapis.com [omitted]
[debug] [2025-06-26T05:31:46.988Z] Checked if tokens are valid: true, expires at: 1750917875390
[debug] [2025-06-26T05:31:46.988Z] Checked if tokens are valid: true, expires at: 1750917875390
[debug] [2025-06-26T05:31:46.988Z] >>> [apiv2][query] GET https://cloudresourcemanager.googleapis.com/v1/projects/petconnect-a447d [none]
[debug] [2025-06-26T05:31:47.150Z] <<< [apiv2][status] GET https://cloudresourcemanager.googleapis.com/v1/projects/petconnect-a447d 200
[debug] [2025-06-26T05:31:47.150Z] <<< [apiv2][body] GET https://cloudresourcemanager.googleapis.com/v1/projects/petconnect-a447d {"projectNumber":"103322502321","projectId":"petconnect-a447d","lifecycleState":"ACTIVE","name":"petconnect","labels":{"firebase":"enabled","firebase-core":"disabled"},"createTime":"2025-06-12T05:51:47.005914Z"}
[debug] [2025-06-26T05:31:47.151Z] Checked if tokens are valid: true, expires at: 1750917875390
[debug] [2025-06-26T05:31:47.151Z] Checked if tokens are valid: true, expires at: 1750917875390
[debug] [2025-06-26T05:31:47.151Z] >>> [apiv2][query] GET https://secretmanager.googleapis.com/v1/projects/petconnect-a447d/secrets/AWS_REGION [none]
[debug] [2025-06-26T05:31:47.787Z] <<< [apiv2][status] GET https://secretmanager.googleapis.com/v1/projects/petconnect-a447d/secrets/AWS_REGION 404
[debug] [2025-06-26T05:31:47.787Z] <<< [apiv2][body] GET https://secretmanager.googleapis.com/v1/projects/petconnect-a447d/secrets/AWS_REGION {"error":{"code":404,"message":"Secret [projects/103322502321/secrets/AWS_REGION] not found.","status":"NOT_FOUND"}}
[debug] [2025-06-26T05:31:47.788Z] Checked if tokens are valid: true, expires at: 1750917875390
[debug] [2025-06-26T05:31:47.788Z] Checked if tokens are valid: true, expires at: 1750917875390
[debug] [2025-06-26T05:31:47.789Z] >>> [apiv2][query] POST https://secretmanager.googleapis.com/v1/projects/petconnect-a447d/secrets secretId=AWS_REGION
[debug] [2025-06-26T05:31:47.789Z] >>> [apiv2][body] POST https://secretmanager.googleapis.com/v1/projects/petconnect-a447d/secrets {"name":"AWS_REGION","replication":{"automatic":{}},"labels":{"firebase-managed":"functions"}}
[debug] [2025-06-26T05:31:48.210Z] <<< [apiv2][status] POST https://secretmanager.googleapis.com/v1/projects/petconnect-a447d/secrets 200
[debug] [2025-06-26T05:31:48.211Z] <<< [apiv2][body] POST https://secretmanager.googleapis.com/v1/projects/petconnect-a447d/secrets {"name":"projects/103322502321/secrets/AWS_REGION","replication":{"automatic":{}},"createTime":"2025-06-26T05:31:48.078164Z","labels":{"firebase-managed":"functions"},"etag":"\"163872e0bfabc3\""}
[debug] [2025-06-26T05:31:48.287Z] ExitPromptError: User force closed the prompt with SIGINT
    at Interface.sigint (/Users/jhonmillan/.nvm/versions/node/v23.9.0/lib/node_modules/firebase-tools/node_modules/@inquirer/core/dist/commonjs/lib/create-prompt.js:101:37)
    at Interface.emit (node:events:507:28)
    at Interface.emit (node:domain:489:12)
    at [_ttyWrite] [as _ttyWrite] (node:internal/readline/interface:1129:18)
    at ReadStream.onkeypress (node:internal/readline/interface:268:20)
    at ReadStream.emit (node:events:519:35)
    at ReadStream.emit (node:domain:489:12)
    at emitKeys (node:internal/readline/utils:370:14)
    at emitKeys.next (<anonymous>)
    at ReadStream.onData (node:internal/readline/emitKeypressEvents:64:36)
[error] 
[error] Error: An unexpected error has occurred.
